	663	BTRP::trap_on_true	ParanthExpression[2236]	True	1 --> 0	[]
	665	BTRP::trap_on_false	ParanthExpression[2236]	False	1 --> 0	[]
	667	BTRP::trap_on_true	ParanthExpression[2608]	True	1 --> 0	[]
	669	BTRP::trap_on_false	ParanthExpression[2608]	False	1 --> 0	[]
	671	BTRP::trap_on_true	ParanthExpression[2610]	True	1 --> 0	[]
	673	BTRP::trap_on_false	ParanthExpression[2610]	False	1 --> 0	[]
	679	BTRP::trap_on_true	ParanthExpression[3212]	True	1 --> 0	[]
	681	BTRP::trap_on_false	ParanthExpression[3212]	False	1 --> 0	[]
	683	BTRP::trap_on_true	ParanthExpression[3589]	True	1 --> 0	[]
	685	BTRP::trap_on_false	ParanthExpression[3589]	False	1 --> 0	[]
	687	BTRP::trap_on_true	ParanthExpression[3591]	True	1 --> 0	[]
	689	BTRP::trap_on_false	ParanthExpression[3591]	False	1 --> 0	[]
	693	BTRP::trap_on_true	ParanthExpression[4512]	True	1 --> 0	[]
	697	BTRP::trap_on_true	ParanthExpression[4514]	True	1 --> 0	[]
	705	BTRP::trap_on_true	ParanthExpression[4628]	True	1 --> 0	[]
	709	BTRP::trap_on_true	ParanthExpression[4656]	True	1 --> 0	[]
	713	BTRP::trap_on_true	ParanthExpression[4658]	True	1 --> 0	[]
	99	OLAN::cmp_operator	LogicBinaryExpression[4520]	arith_sub	1 --> -1	['#cons:282:(a > 0) && (b > 0) && (c > 0):1', '#cons:320:(a + b > c) && (b + c > a) && (a + c > b):1', '#cons:339:!((a == b) && (b == c)):1', '#cons:378:((a == b) || (b == c)) && ((a) == (c)):-1', '#cons:378:true:1', '#cons:449:(argc) > (3):1', '#trap:378:trapping:-1']
	113	OLRN::cmp_operator	LogicBinaryExpression[4520]	not_equals	0 --> -1	['#cons:282:(a > 0) && (b > 0) && (c > 0):1', '#cons:320:(a + b > c) && (b + c > a) && (a + c > b):1', '#cons:339:!((a == b) && (b == c)):1', '#cons:378:((a == b) || (b == c)) && ((a) == (c)):-1', '#cons:378:true:1', '#cons:449:(argc) > (3):1', '#trap:378:trapping:-1']
	118	OLAN::cmp_operator	LogicBinaryExpression[4626]	arith_sub	1 --> -1	['#cons:282:(a > 0) && (b > 0) && (c > 0):1', '#cons:320:(a + b > c) && (b + c > a) && (a + c > b):1', '#cons:339:!((a == b) && (b == c)):1', '#cons:364:((a) == (b)) && ((b) == (c)):-1', '#cons:364:true:1', '#cons:449:(argc) > (3):1', '#trap:364:trapping:-1']
	132	OLRN::cmp_operator	LogicBinaryExpression[4626]	not_equals	0 --> -1	['#cons:282:(a > 0) && (b > 0) && (c > 0):1', '#cons:320:(a + b > c) && (b + c > a) && (a + c > b):1', '#cons:339:!((a == b) && (b == c)):1', '#cons:364:((a) == (b)) && ((b) == (c)):-1', '#cons:364:true:1', '#cons:449:(argc) > (3):1', '#trap:364:trapping:-1']
	1563	STRP::trap_on_statement	CaseStatement[3614]	None	1 --> -1	['#cons:449:(argc) > (3):1', '#cons:503:true:1', '#cons:507:true:1', '#cons:519:true:1', '#trap:519:trapping:1']
	1988	STRP::trap_on_statement	CompoundStatement[2930]	None	0 --> -1	['#cons:449:(argc) > (3):1', '#cons:503:true:1', '#cons:507:true:1', '#cons:519:true:1', '#trap:519:trapping:1']
